<?xml version='1.0' encoding='UTF-8'?>
<testsuite hostname="frascati" name="src.test.scala.ReadSerialTester" tests="1" errors="0" failures="1" skipped="0" time="3.6" timestamp="2024-03-23T13:18:14">
                     <properties>
      <property name="awt.toolkit" value="sun.awt.X11.XToolkit"/><property name="java.specification.version" value="11"/><property name="sun.cpu.isalist" value=""/><property name="sun.jnu.encoding" value="UTF-8"/><property name="sun.arch.data.model" value="64"/><property name="java.vendor.url" value="https://ubuntu.com/"/><property name="sun.boot.library.path" value="/usr/lib/jvm/java-11-openjdk-amd64/lib"/><property name="sun.java.command" value="/usr/share/sbt/bin/sbt-launch.jar test"/><property name="jdk.debug" value="release"/><property name="java.specification.vendor" value="Oracle Corporation"/><property name="java.version.date" value="2024-01-16"/><property name="java.home" value="/usr/lib/jvm/java-11-openjdk-amd64"/><property name="file.separator" value="/"/><property name="java.vm.compressedOopsMode" value="32-bit"/><property name="line.separator" value="
"/><property name="java.specification.name" value="Java Platform API Specification"/><property name="java.vm.specification.vendor" value="Oracle Corporation"/><property name="sun.management.compiler" value="HotSpot 64-Bit Tiered Compilers"/><property name="java.runtime.version" value="11.0.22+7-post-Ubuntu-0ubuntu222.04.1"/><property name="user.name" value="mazmishvili"/><property name="log4j.ignoreTCL" value="true"/><property name="file.encoding" value="UTF-8"/><property name="jnidispatch.path" value="/import/lab/users/mazmishvili/.cache/JNA/temp/jna6829809713903199201.tmp"/><property name="jna.loaded" value="true"/><property name="java.io.tmpdir" value="/tmp"/><property name="java.version" value="11.0.22"/><property name="java.vm.specification.name" value="Java Virtual Machine Specification"/><property name="java.awt.printerjob" value="sun.print.PSPrinterJob"/><property name="sun.os.patch.level" value="unknown"/><property name="java.library.path" value="/usr/java/packages/lib:/usr/lib/x86_64-linux-gnu/jni:/lib/x86_64-linux-gnu:/usr/lib/x86_64-linux-gnu:/usr/lib/jni:/lib:/usr/lib"/><property name="java.vendor" value="Ubuntu"/><property name="java.specification.maintenance.version" value="2"/><property name="scala.ext.dirs" value="/import/lab/users/mazmishvili/.sbt/0.13/java9-rt-ext-ubuntu_11_0_22"/><property name="sun.io.unicode.encoding" value="UnicodeLittle"/><property name="java.class.path" value="/usr/share/sbt/bin/sbt-launch.jar"/><property name="java.vm.vendor" value="Ubuntu"/><property name="jline.shutdownhook" value="false"/><property name="user.timezone" value="Europe/Berlin"/><property name="os.name" value="Linux"/><property name="java.vm.specification.version" value="11"/><property name="sun.java.launcher" value="SUN_STANDARD"/><property name="user.country" value="US"/><property name="sun.cpu.endian" value="little"/><property name="user.home" value="/import/lab/users/mazmishvili"/><property name="user.language" value="en"/><property name="swoval.tmpdir" value="/import/lab/users/mazmishvili/.sbt/1.0"/><property name="java.awt.graphicsenv" value="sun.awt.X11GraphicsEnvironment"/><property name="jline.esc.timeout" value="0"/><property name="path.separator" value=":"/><property name="os.version" value="5.15.0-91-generic"/><property name="jna.nosys" value="true"/><property name="java.runtime.name" value="OpenJDK Runtime Environment"/><property name="java.vm.name" value="OpenJDK 64-Bit Server VM"/><property name="jna.platform.library.path" value="/usr/lib/x86_64-linux-gnu:/lib/x86_64-linux-gnu:/usr/lib64:/lib64:/usr/lib:/lib:/usr/local/lib:/lib/i386-linux-gnu:/lib32:/usr/lib/x86_64-linux-gnu/libfakeroot"/><property name="java.vendor.url.bug" value="https://bugs.launchpad.net/ubuntu/+source/openjdk-lts"/><property name="user.dir" value="/import/lab/users/mazmishvili/ADS1Class/chisel-empty/01_warm-up"/><property name="os.arch" value="amd64"/><property name="java.vm.info" value="mixed mode, sharing"/><property name="java.vm.version" value="11.0.22+7-post-Ubuntu-0ubuntu222.04.1"/><property name="java.class.version" value="55.0"/>
    </properties>
                     <testcase classname="src.test.scala.ReadSerialTester" name="ReadSerial should work" time="3.6">
                                                 <failure message="io_valid=0 (0x0) did not equal expected=1 (0x1) (lines in ReadSerialTester.scala: 21)" type="org.scalatest.exceptions.TestFailedException">org.scalatest.exceptions.TestFailedException: io_valid=0 (0x0) did not equal expected=1 (0x1) (lines in ReadSerialTester.scala: 21)
	at chiseltest.internal.TestEnvInterface.testerExpect(TestEnvInterface.scala:90)
	at chiseltest.internal.TestEnvInterface.testerExpect$(TestEnvInterface.scala:53)
	at src.test.scala.ReadSerialTester.testerExpect(ReadSerialTester.scala:18)
	at chiseltest.internal.GenericBackend.expectBits(GenericBackend.scala:94)
	at chiseltest.package$testableData.expectWithStale(package.scala:216)
	at chiseltest.package$testableData.expect(package.scala:248)
	at src.test.scala.ReadSerialTester.$anonfun$new$3(ReadSerialTester.scala:69)
	at src.test.scala.ReadSerialTester.$anonfun$new$3$adapted(ReadSerialTester.scala:21)
	at chiseltest.internal.GenericBackend.$anonfun$run$1(GenericBackend.scala:166)
	at chiseltest.internal.ThreadedBackend$TesterThread$$anon$1.$anonfun$run$1(ThreadedBackend.scala:495)
	at chiseltest.internal.GenericBackend.doTimescope(GenericBackend.scala:111)
	at chiseltest.internal.ThreadedBackend$TesterThread$$anon$1.run(ThreadedBackend.scala:495)
	at java.base/java.lang.Thread.run(Thread.java:829)
Caused by: chiseltest.internal.FailedExpectException: io_valid=0 (0x0) did not equal expected=1 (0x1) (lines in ReadSerialTester.scala: 21)
	... 13 more
</failure>
                                               </testcase>
                     <system-out><![CDATA[]]></system-out>
                     <system-err><![CDATA[]]></system-err>
                   </testsuite>